Questionable use of curly braces in "css: "https://cdn.jsdelivr.net/npm/bootstrap-table@{{version}}/dist/bootstrap-table.min.css""
    Error: undefined symbol in: "[version]"
Questionable use of curly braces in "css: "https://cdn.jsdelivr.net/npm/bootstrap-table@({version})/dist/bootstrap-table.min.css""
    Error: undefined symbol in: "[version]"
Questionable use of curly braces in "js: "https://cdn.jsdelivr.net/npm/bootstrap-table@{{version}}/dist/bootstrap-table.min.js""
    Error: undefined symbol in: "[version]"
Questionable use of curly braces in "js: "https://cdn.jsdelivr.net/npm/bootstrap-table@({version})/dist/bootstrap-table.min.js""
    Error: undefined symbol in: "[version]"
Questionable use of curly braces in "js: "https://cdn.jsdelivr.net/npm/chart.js@{{version}}/dist/chart.umd.min.js""
    Error: undefined symbol in: "[version]"
Questionable use of curly braces in "js: "https://cdn.jsdelivr.net/npm/chart.js@({version})/dist/chart.umd.min.js""
    Error: undefined symbol in: "[version]"
Questionable use of curly braces in "js: "https://cdn.jsdelivr.net/npm/d3@{{version}}/dist/d3.min.js""
    Error: undefined symbol in: "[version]"
Questionable use of curly braces in "js: "https://cdn.jsdelivr.net/npm/d3@({version})/dist/d3.min.js""
    Error: undefined symbol in: "[version]"
Questionable use of curly braces in "css: "https://cdn.jsdelivr.net/npm/diff2html@{{version}}/bundles/css/diff2html.min.css""
    Error: undefined symbol in: "[version]"
Questionable use of curly braces in "css: "https://cdn.jsdelivr.net/npm/diff2html@({version})/bundles/css/diff2html.min.css""
    Error: undefined symbol in: "[version]"
Questionable use of curly braces in "js: "https://cdn.jsdelivr.net/npm/diff2html@{{version}}/bundles/js/diff2html-ui.min.js""
    Error: undefined symbol in: "[version]"
Questionable use of curly braces in "js: "https://cdn.jsdelivr.net/npm/diff2html@({version})/bundles/js/diff2html-ui.min.js""
    Error: undefined symbol in: "[version]"
Questionable use of curly braces in "library: "https://cdn.jsdelivr.net/npm/echarts@{{version}}/dist/echarts.min.js""
    Error: undefined symbol in: "[version]"
Questionable use of curly braces in "library: "https://cdn.jsdelivr.net/npm/echarts@({version})/dist/echarts.min.js""
    Error: undefined symbol in: "[version]"
Questionable use of curly braces in "dark_theme: "https://cdn.jsdelivr.net/npm/echarts@{{version}}/theme/dark-fresh-cut.js""
    Error: undefined symbol in: "[version]"
Questionable use of curly braces in "dark_theme: "https://cdn.jsdelivr.net/npm/echarts@({version})/theme/dark-fresh-cut.js""
    Error: undefined symbol in: "[version]"
Questionable use of curly braces in "light: "https://cdn.jsdelivr.net/npm/highlight.js@{{version}}/styles/github.min.css""
    Error: undefined symbol in: "[version]"
Questionable use of curly braces in "light: "https://cdn.jsdelivr.net/npm/highlight.js@({version})/styles/github.min.css""
    Error: undefined symbol in: "[version]"
Questionable use of curly braces in "dark: "https://cdn.jsdelivr.net/npm/highlight.js@{{version}}/styles/github-dark.min.css""
    Error: undefined symbol in: "[version]"
Questionable use of curly braces in "dark: "https://cdn.jsdelivr.net/npm/highlight.js@({version})/styles/github-dark.min.css""
    Error: undefined symbol in: "[version]"
Questionable use of curly braces in "js: https://cdn.jsdelivr.net/npm/imagesloaded@{{version}}/imagesloaded.pkgd.min.js"
    Error: undefined symbol in: "[version]"
Questionable use of curly braces in "js: https://cdn.jsdelivr.net/npm/imagesloaded@({version})/imagesloaded.pkgd.min.js"
    Error: undefined symbol in: "[version]"
Questionable use of curly braces in "css: "https://cdn.jsdelivr.net/npm/img-comparison-slider@{{version}}/dist/styles.min.css""
    Error: undefined symbol in: "[version]"
Questionable use of curly braces in "css: "https://cdn.jsdelivr.net/npm/img-comparison-slider@({version})/dist/styles.min.css""
    Error: undefined symbol in: "[version]"
Questionable use of curly braces in "js: "https://cdn.jsdelivr.net/npm/img-comparison-slider@{{version}}/dist/index.min.js""
    Error: undefined symbol in: "[version]"
Questionable use of curly braces in "js: "https://cdn.jsdelivr.net/npm/img-comparison-slider@({version})/dist/index.min.js""
    Error: undefined symbol in: "[version]"
Questionable use of curly braces in "js: "https://cdn.jsdelivr.net/npm/jquery@{{version}}/dist/jquery.min.js""
    Error: undefined symbol in: "[version]"
Questionable use of curly braces in "js: "https://cdn.jsdelivr.net/npm/jquery@({version})/dist/jquery.min.js""
    Error: undefined symbol in: "[version]"
Questionable use of curly braces in "css: "https://cdn.jsdelivr.net/npm/leaflet@{{version}}/dist/leaflet.css""
    Error: undefined symbol in: "[version]"
Questionable use of curly braces in "css: "https://cdn.jsdelivr.net/npm/leaflet@({version})/dist/leaflet.css""
    Error: undefined symbol in: "[version]"
Questionable use of curly braces in "js: "https://cdn.jsdelivr.net/npm/leaflet@{{version}}/dist/leaflet.js""
    Error: undefined symbol in: "[version]"
Questionable use of curly braces in "js: "https://cdn.jsdelivr.net/npm/leaflet@({version})/dist/leaflet.js""
    Error: undefined symbol in: "[version]"
Questionable use of curly braces in "js_map: "https://cdn.jsdelivr.net/npm/leaflet@{{version}}/dist/leaflet.js.map""
    Error: undefined symbol in: "[version]"
Questionable use of curly braces in "js_map: "https://cdn.jsdelivr.net/npm/leaflet@({version})/dist/leaflet.js.map""
    Error: undefined symbol in: "[version]"
Questionable use of curly braces in "fonts: "https://cdn.jsdelivr.net/npm/mathjax@{{version}}/es5/output/chtml/fonts/woff-v2/""
    Error: undefined symbol in: "[version]"
Questionable use of curly braces in "fonts: "https://cdn.jsdelivr.net/npm/mathjax@({version})/es5/output/chtml/fonts/woff-v2/""
    Error: undefined symbol in: "[version]"
Questionable use of curly braces in "js: "https://cdn.jsdelivr.net/npm/mathjax@{{version}}/es5/tex-mml-chtml.js""
    Error: undefined symbol in: "[version]"
Questionable use of curly braces in "js: "https://cdn.jsdelivr.net/npm/mathjax@({version})/es5/tex-mml-chtml.js""
    Error: undefined symbol in: "[version]"
Questionable use of curly braces in "js: "https://cdn.jsdelivr.net/npm/masonry-layout@{{version}}/dist/masonry.pkgd.min.js""
    Error: undefined symbol in: "[version]"
Questionable use of curly braces in "js: "https://cdn.jsdelivr.net/npm/masonry-layout@({version})/dist/masonry.pkgd.min.js""
    Error: undefined symbol in: "[version]"
Questionable use of curly braces in "css: "https://cdn.jsdelivr.net/npm/mdbootstrap@{{version}}/css/mdb.min.css""
    Error: undefined symbol in: "[version]"
Questionable use of curly braces in "css: "https://cdn.jsdelivr.net/npm/mdbootstrap@({version})/css/mdb.min.css""
    Error: undefined symbol in: "[version]"
Questionable use of curly braces in "css_map: "https://cdn.jsdelivr.net/npm/mdbootstrap@{{version}}/css/mdb.min.css.map""
    Error: undefined symbol in: "[version]"
Questionable use of curly braces in "css_map: "https://cdn.jsdelivr.net/npm/mdbootstrap@({version})/css/mdb.min.css.map""
    Error: undefined symbol in: "[version]"
Questionable use of curly braces in "js: "https://cdn.jsdelivr.net/npm/mdbootstrap@{{version}}/js/mdb.min.js""
    Error: undefined symbol in: "[version]"
Questionable use of curly braces in "js: "https://cdn.jsdelivr.net/npm/mdbootstrap@({version})/js/mdb.min.js""
    Error: undefined symbol in: "[version]"
Questionable use of curly braces in "js_map: "https://cdn.jsdelivr.net/npm/mdbootstrap@{{version}}/js/mdb.min.js.map""
    Error: undefined symbol in: "[version]"
Questionable use of curly braces in "js_map: "https://cdn.jsdelivr.net/npm/mdbootstrap@({version})/js/mdb.min.js.map""
    Error: undefined symbol in: "[version]"
Questionable use of curly braces in "js: "https://cdn.jsdelivr.net/npm/medium-zoom@{{version}}/dist/medium-zoom.min.js""
    Error: undefined symbol in: "[version]"
Questionable use of curly braces in "js: "https://cdn.jsdelivr.net/npm/medium-zoom@({version})/dist/medium-zoom.min.js""
    Error: undefined symbol in: "[version]"
Questionable use of curly braces in "js: "https://cdn.jsdelivr.net/npm/mermaid@{{version}}/dist/mermaid.min.js""
    Error: undefined symbol in: "[version]"
Questionable use of curly braces in "js: "https://cdn.jsdelivr.net/npm/mermaid@({version})/dist/mermaid.min.js""
    Error: undefined symbol in: "[version]"
Questionable use of curly braces in "js: "https://cdnjs.cloudflare.com/polyfill/v{{version}}/polyfill.min.js?features=es6""
    Error: undefined symbol in: "[version]"
Questionable use of curly braces in "js: "https://cdnjs.cloudflare.com/polyfill/v({version})/polyfill.min.js?features=es6""
    Error: undefined symbol in: "[version]"
Questionable use of curly braces in "css: "https://cdn.jsdelivr.net/npm/swiper@{{version}}/swiper-bundle.min.css""
    Error: undefined symbol in: "[version]"
Questionable use of curly braces in "css: "https://cdn.jsdelivr.net/npm/swiper@({version})/swiper-bundle.min.css""
    Error: undefined symbol in: "[version]"
Questionable use of curly braces in "js: "https://cdn.jsdelivr.net/npm/swiper@{{version}}/swiper-element-bundle.min.js""
    Error: undefined symbol in: "[version]"
Questionable use of curly braces in "js: "https://cdn.jsdelivr.net/npm/swiper@({version})/swiper-element-bundle.min.js""
    Error: undefined symbol in: "[version]"
Questionable use of curly braces in "js: "https://cdn.jsdelivr.net/npm/vega@{{version}}/build/vega.min.js""
    Error: undefined symbol in: "[version]"
Questionable use of curly braces in "js: "https://cdn.jsdelivr.net/npm/vega@({version})/build/vega.min.js""
    Error: undefined symbol in: "[version]"
Questionable use of curly braces in "js_map: "https://cdn.jsdelivr.net/npm/vega@{{version}}/build/vega.min.js.map""
    Error: undefined symbol in: "[version]"
Questionable use of curly braces in "js_map: "https://cdn.jsdelivr.net/npm/vega@({version})/build/vega.min.js.map""
    Error: undefined symbol in: "[version]"
Questionable use of curly braces in "js: "https://cdn.jsdelivr.net/npm/vega-embed@{{version}}/build/vega-embed.min.js""
    Error: undefined symbol in: "[version]"
Questionable use of curly braces in "js: "https://cdn.jsdelivr.net/npm/vega-embed@({version})/build/vega-embed.min.js""
    Error: undefined symbol in: "[version]"
Questionable use of curly braces in "js_map: "https://cdn.jsdelivr.net/npm/vega-embed@{{version}}/build/vega-embed.min.js.map""
    Error: undefined symbol in: "[version]"
Questionable use of curly braces in "js_map: "https://cdn.jsdelivr.net/npm/vega-embed@({version})/build/vega-embed.min.js.map""
    Error: undefined symbol in: "[version]"
Questionable use of curly braces in "js: "https://cdn.jsdelivr.net/npm/vega-lite@{{version}}/build/vega-lite.min.js""
    Error: undefined symbol in: "[version]"
Questionable use of curly braces in "js: "https://cdn.jsdelivr.net/npm/vega-lite@({version})/build/vega-lite.min.js""
    Error: undefined symbol in: "[version]"
Questionable use of curly braces in "js_map: "https://cdn.jsdelivr.net/npm/vega-lite@{{version}}/build/vega-lite.min.js.map""
    Error: undefined symbol in: "[version]"
Questionable use of curly braces in "js_map: "https://cdn.jsdelivr.net/npm/vega-lite@({version})/build/vega-lite.min.js.map""
    Error: undefined symbol in: "[version]"
Fatal Error: Mutual Inductance card missing coupled inductor: kaggle_id: # your kaggle id
